<?xml version="1.0" encoding="UTF-8" ?>
<testsuite tests="4" failures="0" name="com.ocularminds.oswitch.app.OsServiceTest" time="0" errors="0" skipped="0">
  <properties>
    <property name="java.runtime.name" value="Java(TM) SE Runtime Environment"/>
    <property name="sun.boot.library.path" value="C:\Program Files\Java\jdk1.8.0_102\jre\bin"/>
    <property name="java.vm.version" value="25.102-b14"/>
    <property name="java.vm.vendor" value="Oracle Corporation"/>
    <property name="maven.multiModuleProjectDirectory" value="E:/o-switch"/>
    <property name="java.vendor.url" value="http://java.oracle.com/"/>
    <property name="path.separator" value=";"/>
    <property name="guice.disable.misplaced.annotation.check" value="true"/>
    <property name="java.vm.name" value="Java HotSpot(TM) 64-Bit Server VM"/>
    <property name="file.encoding.pkg" value="sun.io"/>
    <property name="user.script" value=""/>
    <property name="user.country" value="US"/>
    <property name="sun.java.launcher" value="SUN_STANDARD"/>
    <property name="sun.os.patch.level" value="Service Pack 1"/>
    <property name="java.vm.specification.name" value="Java Virtual Machine Specification"/>
    <property name="user.dir" value="E:\o-switch"/>
    <property name="java.runtime.version" value="1.8.0_102-b14"/>
    <property name="java.awt.graphicsenv" value="sun.awt.Win32GraphicsEnvironment"/>
    <property name="java.endorsed.dirs" value="C:\Program Files\Java\jdk1.8.0_102\jre\lib\endorsed"/>
    <property name="os.arch" value="amd64"/>
    <property name="java.io.tmpdir" value="C:\Users\hp\AppData\Local\Temp\"/>
    <property name="line.separator" value="
"/>
    <property name="java.vm.specification.vendor" value="Oracle Corporation"/>
    <property name="user.variant" value=""/>
    <property name="os.name" value="Windows 7"/>
    <property name="classworlds.conf" value="E:/apache-maven-3.3.9/bin/m2.conf"/>
    <property name="sun.jnu.encoding" value="Cp1252"/>
    <property name="java.library.path" value="C:\Program Files\Java\jdk1.8.0_102\bin;C:\Windows\Sun\Java\bin;C:\Windows\system32;C:\Windows;C:\Users\hp\bin;C:\Program Files\Git\mingw64\bin;C:\Program Files\Git\usr\local\bin;C:\Program Files\Git\usr\bin;C:\Program Files\Git\usr\bin;C:\Program Files\Git\mingw64\bin;C:\Program Files\Git\usr\bin;C:\Users\hp\bin;C:\ProgramData\Oracle\Java\javapath;C:\Windows\system32;C:\Windows;C:\Windows\System32\Wbem;C:\Windows\System32\WindowsPowerShell\v1.0;C:\Program Files (x86)\Skype\Phone;C:\Program Files\nodejs;C:\Program Files\Java\jdk1.8.0_102\bin;E:\apache-maven-3.3.9\bin;E:\putty;C:\opscode\chefdk\embedded\bin;C:\Program Files\Git\cmd;C:\curl-7.50.3-win64-mingw\bin;C:\gradle-3.1\bin;C:\Program Files\MySQL\MySQL Server 5.7\bin;C:\Ruby23-x64\bin;C:\Program Files (x86)\Windows Kits\8.1\Windows Performance Toolkit;C:\cygwin64\bin;C:\Program Files\Git\usr\bin;C:\Program Files\Git;C:\Users\hp\AppData\Local\Programs\Python\Python35\Scripts;C:\Users\hp\AppData\Local\Programs\Python\Python35;C:\Users\hp\AppData\Roaming\npm;C:\Program Files\Docker Toolbox;C:\Program Files\Git\usr\bin\vendor_perl;C:\Program Files\Git\usr\bin\core_perl;."/>
    <property name="java.specification.name" value="Java Platform API Specification"/>
    <property name="java.class.version" value="52.0"/>
    <property name="sun.management.compiler" value="HotSpot 64-Bit Tiered Compilers"/>
    <property name="os.version" value="6.1"/>
    <property name="user.home" value="C:\Users\hp"/>
    <property name="user.timezone" value="Africa/Luanda"/>
    <property name="java.awt.printerjob" value="sun.awt.windows.WPrinterJob"/>
    <property name="java.specification.version" value="1.8"/>
    <property name="file.encoding" value="Cp1252"/>
    <property name="user.name" value="hp"/>
    <property name="java.class.path" value="E:\o-switch\oswitch-provider\finacle\target\classes;E:\o-switch\oswitch-core\target\classes;C:\Users\hp\.m2\repository\javax\xml\bind\jaxb-api\2.2\jaxb-api-2.2.jar;C:\Users\hp\.m2\repository\javax\xml\stream\stax-api\1.0-2\stax-api-1.0-2.jar;C:\Users\hp\.m2\repository\javax\activation\activation\1.1\activation-1.1.jar;C:\Users\hp\.m2\repository\com\stanfy\gson-xml-java\0.1.7\gson-xml-java-0.1.7.jar;C:\Users\hp\.m2\repository\xmlpull\xmlpull\1.1.3.1\xmlpull-1.1.3.1.jar;C:\Users\hp\.m2\repository\com\google\code\gson\gson\2.2.2\gson-2.2.2.jar;C:\Users\hp\.m2\repository\org\codehaus\mojo\jaxws-maven-plugin\1.12\jaxws-maven-plugin-1.12.jar;C:\Users\hp\.m2\repository\com\sun\xml\ws\jaxws-tools\2.1.7\jaxws-tools-2.1.7.jar;C:\Users\hp\.m2\repository\com\sun\xml\ws\jaxws-rt\2.1.7\jaxws-rt-2.1.7.jar;C:\Users\hp\.m2\repository\javax\xml\ws\jaxws-api\2.1\jaxws-api-2.1.jar;C:\Users\hp\.m2\repository\com\sun\xml\bind\jaxb-impl\2.1.11\jaxb-impl-2.1.11.jar;C:\Users\hp\.m2\repository\com\sun\xml\messaging\saaj\saaj-impl\1.3.3\saaj-impl-1.3.3.jar;C:\Users\hp\.m2\repository\javax\xml\soap\saaj-api\1.3\saaj-api-1.3.jar;C:\Users\hp\.m2\repository\com\sun\xml\stream\buffer\streambuffer\0.9\streambuffer-0.9.jar;C:\Users\hp\.m2\repository\org\codehaus\woodstox\wstx-asl\3.2.3\wstx-asl-3.2.3.jar;C:\Users\hp\.m2\repository\stax\stax-api\1.0.1\stax-api-1.0.1.jar;C:\Users\hp\.m2\repository\com\sun\org\apache\xml\internal\resolver\20050927\resolver-20050927.jar;C:\Users\hp\.m2\repository\org\jvnet\mimepull\1.3\mimepull-1.3.jar;C:\Users\hp\.m2\repository\com\sun\xml\bind\jaxb-xjc\2.1.11\jaxb-xjc-2.1.11.jar;C:\Users\hp\.m2\repository\org\apache\maven\maven-project\2.0.4\maven-project-2.0.4.jar;C:\Users\hp\.m2\repository\org\apache\maven\maven-settings\2.0.4\maven-settings-2.0.4.jar;C:\Users\hp\.m2\repository\org\apache\maven\maven-profile\2.0.4\maven-profile-2.0.4.jar;C:\Users\hp\.m2\repository\org\apache\maven\maven-artifact-manager\2.0.4\maven-artifact-manager-2.0.4.jar;C:\Users\hp\.m2\repository\org\apache\maven\maven-repository-metadata\2.0.4\maven-repository-metadata-2.0.4.jar;C:\Users\hp\.m2\repository\org\apache\maven\wagon\wagon-provider-api\1.0-alpha-6\wagon-provider-api-1.0-alpha-6.jar;C:\Users\hp\.m2\repository\org\codehaus\plexus\plexus-container-default\1.0-alpha-9\plexus-container-default-1.0-alpha-9.jar;C:\Users\hp\.m2\repository\classworlds\classworlds\1.1-alpha-2\classworlds-1.1-alpha-2.jar;C:\Users\hp\.m2\repository\org\apache\maven\maven-plugin-api\2.0.4\maven-plugin-api-2.0.4.jar;C:\Users\hp\.m2\repository\org\apache\commons\commons-lang3\3.4\commons-lang3-3.4.jar;C:\Users\hp\.m2\repository\org\jvnet\staxex\stax-ex\1.7.7\stax-ex-1.7.7.jar;C:\Users\hp\.m2\repository\net\revelc\code\formatter-maven-plugin\0.5.2\formatter-maven-plugin-0.5.2.jar;C:\Users\hp\.m2\repository\org\eclipse\tycho\org.eclipse.jdt.core\3.10.0.v20140604-1726\org.eclipse.jdt.core-3.10.0.v20140604-1726.jar;C:\Users\hp\.m2\repository\org\eclipse\text\org.eclipse.text\3.5.101\org.eclipse.text-3.5.101.jar;C:\Users\hp\.m2\repository\org\eclipse\core\org.eclipse.core.commands\3.6.0\org.eclipse.core.commands-3.6.0.jar;C:\Users\hp\.m2\repository\org\eclipse\equinox\org.eclipse.equinox.common\3.6.0\org.eclipse.equinox.common-3.6.0.jar;C:\Users\hp\.m2\repository\org\apache\commons\commons-digester3\3.2\commons-digester3-3.2.jar;C:\Users\hp\.m2\repository\cglib\cglib\2.2.2\cglib-2.2.2.jar;C:\Users\hp\.m2\repository\asm\asm\3.3.1\asm-3.3.1.jar;C:\Users\hp\.m2\repository\commons-beanutils\commons-beanutils\1.8.3\commons-beanutils-1.8.3.jar;C:\Users\hp\.m2\repository\commons-logging\commons-logging\1.1.1\commons-logging-1.1.1.jar;C:\Users\hp\.m2\repository\commons-codec\commons-codec\1.10\commons-codec-1.10.jar;C:\Users\hp\.m2\repository\org\codehaus\plexus\plexus-io\2.6\plexus-io-2.6.jar;C:\Users\hp\.m2\repository\org\codehaus\plexus\plexus-resources\1.0.1\plexus-resources-1.0.1.jar;C:\Users\hp\.m2\repository\org\codehaus\plexus\plexus-utils\3.0.22\plexus-utils-3.0.22.jar;C:\Users\hp\.m2\repository\com\jolira\onejar-maven-plugin\1.4.4\onejar-maven-plugin-1.4.4.jar;C:\Users\hp\.m2\repository\commons-io\commons-io\1.3.1\commons-io-1.3.1.jar;C:\Users\hp\.m2\repository\org\apache\maven\maven-model\2.0.9\maven-model-2.0.9.jar;C:\Users\hp\.m2\repository\org\apache\maven\maven-artifact\2.0.9\maven-artifact-2.0.9.jar;"/>
    <property name="java.vm.specification.version" value="1.8"/>
    <property name="sun.arch.data.model" value="64"/>
    <property name="java.home" value="C:\Program Files\Java\jdk1.8.0_102\jre"/>
    <property name="sun.java.command" value="org.codehaus.plexus.classworlds.launcher.Launcher clean test jacoco:report"/>
    <property name="java.specification.vendor" value="Oracle Corporation"/>
    <property name="user.language" value="en"/>
    <property name="awt.toolkit" value="sun.awt.windows.WToolkit"/>
    <property name="java.vm.info" value="mixed mode"/>
    <property name="java.version" value="1.8.0_102"/>
    <property name="java.ext.dirs" value="C:\Program Files\Java\jdk1.8.0_102\jre\lib\ext;C:\Windows\Sun\Java\lib\ext"/>
    <property name="sun.boot.class.path" value="C:\Program Files\Java\jdk1.8.0_102\jre\lib\resources.jar;C:\Program Files\Java\jdk1.8.0_102\jre\lib\rt.jar;C:\Program Files\Java\jdk1.8.0_102\jre\lib\sunrsasign.jar;C:\Program Files\Java\jdk1.8.0_102\jre\lib\jsse.jar;C:\Program Files\Java\jdk1.8.0_102\jre\lib\jce.jar;C:\Program Files\Java\jdk1.8.0_102\jre\lib\charsets.jar;C:\Program Files\Java\jdk1.8.0_102\jre\lib\jfr.jar;C:\Program Files\Java\jdk1.8.0_102\jre\classes"/>
    <property name="java.vendor" value="Oracle Corporation"/>
    <property name="maven.home" value="E:\apache-maven-3.3.9"/>
    <property name="file.separator" value="\"/>
    <property name="java.vendor.url.bug" value="http://bugreport.sun.com/bugreport/"/>
    <property name="sun.cpu.endian" value="little"/>
    <property name="sun.io.unicode.encoding" value="UnicodeLittle"/>
    <property name="sun.desktop" value="windows"/>
    <property name="sun.cpu.isalist" value="amd64"/>
  </properties>
  <testcase classname="com.ocularminds.oswitch.app.OsServiceTest" name="testNominalListCategoriesHasCorrectOrder" time="0"/>
  <testcase classname="com.ocularminds.oswitch.app.OsServiceTest" name="testNominalListAllInsightsCategories" time="0"/>
  <testcase classname="com.ocularminds.oswitch.app.OsServiceTest" name="testNominalListCategoriesInsightHasCorrectOrder" time="0"/>
  <testcase classname="com.ocularminds.oswitch.app.OsServiceTest" name="testNominalListNonBetaInsightsCategories" time="0"/>
</testsuite>